<?xml version="1.0" encoding="UTF-8"?>
<testsuite xmlns:xsi="http://www.w3.org/2001/XMLSchema-instance" xsi:noNamespaceSchemaLocation="https://maven.apache.org/surefire/maven-surefire-plugin/xsd/surefire-test-report-3.0.xsd" version="3.0" name="com.example.RunCucumberTest" time="0.311" tests="7" errors="0" skipped="0" failures="0">
  <properties>
[...]
</properties>
  <testcase name="Example #1.1" classname="Examples" time="0.124">
    <system-out><![CDATA[
Scenario Outline: Today is or is not Friday &amp#27;[90m# com/example/is-friday.feature:20&amp#27;[0m
  &amp#27;[32mGiven &amp#27;[0m&amp#27;[32mtoday is &amp#27;[0m&amp#27;[32m&amp#27;[1m"Sunday"&amp#27;[0m                   &amp#27;[90m# com.example.StepDefinitions.todayIs(java.lang.String)&amp#27;[0m
  &amp#27;[32mWhen &amp#27;[0m&amp#27;[32mI ask if it is Friday&amp#27;[0m                &amp#27;[90m# com.example.StepDefinitions.ifIAsk()&amp#27;[0m
  &amp#27;[32mThen &amp#27;[0m&amp#27;[32mI should be told &amp#27;[0m&amp#27;[32m&amp#27;[1m"No"&amp#27;[0m                &amp#27;[90m# com.example.StepDefinitions.shouldBeTold(java.lang.String)&amp#27;[0m
]]></system-out>
  </testcase>
  <testcase name="Example #1.2" classname="Examples" time="0.007">
    <system-out><![CDATA[
Scenario Outline: Today is or is not Friday &amp#27;[90m# com/example/is-friday.feature:21&amp#27;[0m
  &amp#27;[32mGiven &amp#27;[0m&amp#27;[32mtoday is &amp#27;[0m&amp#27;[32m&amp#27;[1m"Monday"&amp#27;[0m                   &amp#27;[90m# com.example.StepDefinitions.todayIs(java.lang.String)&amp#27;[0m
  &amp#27;[32mWhen &amp#27;[0m&amp#27;[32mI ask if it is Friday&amp#27;[0m                &amp#27;[90m# com.example.StepDefinitions.ifIAsk()&amp#27;[0m
  &amp#27;[32mThen &amp#27;[0m&amp#27;[32mI should be told &amp#27;[0m&amp#27;[32m&amp#27;[1m"No"&amp#27;[0m                &amp#27;[90m# com.example.StepDefinitions.shouldBeTold(java.lang.String)&amp#27;[0m
]]></system-out>
  </testcase>
  <testcase name="Example #1.3" classname="Examples" time="0.007">
    <system-out><![CDATA[
Scenario Outline: Today is or is not Friday &amp#27;[90m# com/example/is-friday.feature:22&amp#27;[0m
  &amp#27;[32mGiven &amp#27;[0m&amp#27;[32mtoday is &amp#27;[0m&amp#27;[32m&amp#27;[1m"Tuesday"&amp#27;[0m                  &amp#27;[90m# com.example.StepDefinitions.todayIs(java.lang.String)&amp#27;[0m
  &amp#27;[32mWhen &amp#27;[0m&amp#27;[32mI ask if it is Friday&amp#27;[0m                &amp#27;[90m# com.example.StepDefinitions.ifIAsk()&amp#27;[0m
  &amp#27;[32mThen &amp#27;[0m&amp#27;[32mI should be told &amp#27;[0m&amp#27;[32m&amp#27;[1m"No"&amp#27;[0m                &amp#27;[90m# com.example.StepDefinitions.shouldBeTold(java.lang.String)&amp#27;[0m
]]></system-out>
  </testcase>
  <testcase name="Example #1.4" classname="Examples" time="0.009">
    <system-out><![CDATA[
Scenario Outline: Today is or is not Friday &amp#27;[90m# com/example/is-friday.feature:23&amp#27;[0m
  &amp#27;[32mGiven &amp#27;[0m&amp#27;[32mtoday is &amp#27;[0m&amp#27;[32m&amp#27;[1m"Wednesday"&amp#27;[0m                &amp#27;[90m# com.example.StepDefinitions.todayIs(java.lang.String)&amp#27;[0m
  &amp#27;[32mWhen &amp#27;[0m&amp#27;[32mI ask if it is Friday&amp#27;[0m                &amp#27;[90m# com.example.StepDefinitions.ifIAsk()&amp#27;[0m
  &amp#27;[32mThen &amp#27;[0m&amp#27;[32mI should be told &amp#27;[0m&amp#27;[32m&amp#27;[1m"No"&amp#27;[0m                &amp#27;[90m# com.example.StepDefinitions.shouldBeTold(java.lang.String)&amp#27;[0m
]]></system-out>
  </testcase>
  <testcase name="Example #1.5" classname="Examples" time="0.006">
    <system-out><![CDATA[
Scenario Outline: Today is or is not Friday &amp#27;[90m# com/example/is-friday.feature:24&amp#27;[0m
  &amp#27;[32mGiven &amp#27;[0m&amp#27;[32mtoday is &amp#27;[0m&amp#27;[32m&amp#27;[1m"Thursday"&amp#27;[0m                 &amp#27;[90m# com.example.StepDefinitions.todayIs(java.lang.String)&amp#27;[0m
  &amp#27;[32mWhen &amp#27;[0m&amp#27;[32mI ask if it is Friday&amp#27;[0m                &amp#27;[90m# com.example.StepDefinitions.ifIAsk()&amp#27;[0m
  &amp#27;[32mThen &amp#27;[0m&amp#27;[32mI should be told &amp#27;[0m&amp#27;[32m&amp#27;[1m"No"&amp#27;[0m                &amp#27;[90m# com.example.StepDefinitions.shouldBeTold(java.lang.String)&amp#27;[0m
]]></system-out>
  </testcase>
  <testcase name="Example #1.6" classname="Examples" time="0.008">
    <system-out><![CDATA[
Scenario Outline: Today is or is not Friday &amp#27;[90m# com/example/is-friday.feature:25&amp#27;[0m
  &amp#27;[32mGiven &amp#27;[0m&amp#27;[32mtoday is &amp#27;[0m&amp#27;[32m&amp#27;[1m"Friday"&amp#27;[0m                   &amp#27;[90m# com.example.StepDefinitions.todayIs(java.lang.String)&amp#27;[0m
  &amp#27;[32mWhen &amp#27;[0m&amp#27;[32mI ask if it is Friday&amp#27;[0m                &amp#27;[90m# com.example.StepDefinitions.ifIAsk()&amp#27;[0m
  &amp#27;[32mThen &amp#27;[0m&amp#27;[32mI should be told &amp#27;[0m&amp#27;[32m&amp#27;[1m"Yes"&amp#27;[0m               &amp#27;[90m# com.example.StepDefinitions.shouldBeTold(java.lang.String)&amp#27;[0m
]]></system-out>
  </testcase>
  <testcase name="Example #1.7" classname="Examples" time="0.005">
    <system-out><![CDATA[
Scenario Outline: Today is or is not Friday &amp#27;[90m# com/example/is-friday.feature:26&amp#27;[0m
  &amp#27;[32mGiven &amp#27;[0m&amp#27;[32mtoday is &amp#27;[0m&amp#27;[32m&amp#27;[1m"Saturday"&amp#27;[0m                 &amp#27;[90m# com.example.StepDefinitions.todayIs(java.lang.String)&amp#27;[0m
  &amp#27;[32mWhen &amp#27;[0m&amp#27;[32mI ask if it is Friday&amp#27;[0m                &amp#27;[90m# com.example.StepDefinitions.ifIAsk()&amp#27;[0m
  &amp#27;[32mThen &amp#27;[0m&amp#27;[32mI should be told &amp#27;[0m&amp#27;[32m&amp#27;[1m"No"&amp#27;[0m                &amp#27;[90m# com.example.StepDefinitions.shouldBeTold(java.lang.String)&amp#27;[0m
]]></system-out>
  </testcase>
</testsuite>