<?xml version="1.0" encoding="UTF-8"?>
<testsuite xmlns:xsi="http://www.w3.org/2001/XMLSchema-instance" xsi:noNamespaceSchemaLocation="https://maven.apache.org/surefire/maven-surefire-plugin/xsd/surefire-test-report-3.0.xsd" version="3.0" name="com.example.AppTest" time="0.1" tests="2" errors="0" skipped="1" failures="0">
  <properties>
[...]
</properties>
  <testcase name="shouldAnswerWithTrue" classname="com.example.AppTest" time="0.039">
    <system-out><![CDATA[BeforeAll
This is a friendly test helper!
BeforeEach
AfterEach
]]></system-out>
  </testcase>
  <testcase name="disabledTest" classname="com.example.AppTest" time="0.0">
    <skipped message="public void com.example.AppTest.disabledTest() is @Disabled"/>
  </testcase>
</testsuite>